{
  "timestamp": "2024-05-20T12:39:59.906Z",
  "startDate": "2023-05-15T18:30:00.000Z",
  "endDate": "2023-05-22T18:30:00.000Z"
}
{
  "timestamp": "2024-05-20T12:39:59.942Z",
  "startDate": "2023-05-15T18:30:00.000Z",
  "endDate": "2023-05-22T18:30:00.000Z"
}
{
  "timestamp": "2024-05-20T12:39:59.987Z",
  "startDate": "2023-05-15T18:30:00.000Z",
  "endDate": "2023-05-22T18:30:00.000Z"
}
{
  "timestamp": "2024-05-20T12:40:05.164Z",
  "startDate": "2023-05-08T18:30:00.000Z",
  "endDate": "2023-05-22T18:30:00.000Z"
}
{
  "timestamp": "2024-05-20T12:40:05.184Z",
  "startDate": "2023-05-08T18:30:00.000Z",
  "endDate": "2023-05-22T18:30:00.000Z"
}
{
  "timestamp": "2024-05-20T12:40:05.250Z",
  "startDate": "2023-05-08T18:30:00.000Z",
  "endDate": "2023-05-22T18:30:00.000Z"
}
{
  "timestamp": "2024-05-20T12:40:06.445Z",
  "startDate": "2023-05-08T18:30:00.000Z",
  "endDate": "2023-05-23T18:30:00.000Z"
}
{
  "timestamp": "2024-05-20T12:40:06.455Z",
  "startDate": "2023-05-08T18:30:00.000Z",
  "endDate": "2023-05-23T18:30:00.000Z"
}
{
  "timestamp": "2024-05-20T12:40:06.452Z",
  "startDate": "2023-05-08T18:30:00.000Z",
  "endDate": "2023-05-23T18:30:00.000Z"
}
{
  "timestamp": "2024-05-20T12:40:09.741Z",
  "startDate": "2023-04-30T18:30:00.000Z",
  "endDate": "2023-05-23T18:30:00.000Z"
}
{
  "timestamp": "2024-05-20T12:40:09.749Z",
  "startDate": "2023-04-30T18:30:00.000Z",
  "endDate": "2023-05-23T18:30:00.000Z"
}
{
  "timestamp": "2024-05-20T12:40:09.757Z",
  "startDate": "2023-04-30T18:30:00.000Z",
  "endDate": "2023-05-23T18:30:00.000Z"
}
{
  "timestamp": "2024-05-20T12:40:12.161Z",
  "startDate": "2023-04-30T18:30:00.000Z",
  "endDate": "2023-05-21T18:30:00.000Z"
}
{
  "timestamp": "2024-05-20T12:40:12.172Z",
  "startDate": "2023-04-30T18:30:00.000Z",
  "endDate": "2023-05-21T18:30:00.000Z"
}
{
  "timestamp": "2024-05-20T12:40:12.181Z",
  "startDate": "2023-04-30T18:30:00.000Z",
  "endDate": "2023-05-21T18:30:00.000Z"
}
{
  "timestamp": "2024-05-20T12:40:34.298Z",
  "startDate": "2022-05-08T18:30:00.000Z",
  "endDate": "2023-05-21T18:30:00.000Z"
}
{
  "timestamp": "2024-05-20T12:40:34.331Z",
  "startDate": "2022-05-08T18:30:00.000Z",
  "endDate": "2023-05-21T18:30:00.000Z"
}
{
  "timestamp": "2024-05-20T12:40:34.428Z",
  "startDate": "2022-05-08T18:30:00.000Z",
  "endDate": "2023-05-21T18:30:00.000Z"
}
{
  "timestamp": "2024-05-20T12:40:35.062Z",
  "startDate": "2022-05-08T18:30:00.000Z",
  "endDate": "2022-05-22T18:30:00.000Z"
}
{
  "timestamp": "2024-05-20T12:40:35.068Z",
  "startDate": "2022-05-08T18:30:00.000Z",
  "endDate": "2022-05-22T18:30:00.000Z"
}
{
  "timestamp": "2024-05-20T12:40:35.070Z",
  "startDate": "2022-05-08T18:30:00.000Z",
  "endDate": "2022-05-22T18:30:00.000Z"
}
{
  "timestamp": "2024-05-20T12:41:04.267Z",
  "startDate": "2023-06-04T18:30:00.000Z",
  "endDate": "2022-05-22T18:30:00.000Z"
}
{
  "timestamp": "2024-05-20T12:41:04.278Z",
  "startDate": "2023-06-04T18:30:00.000Z",
  "endDate": "2022-05-22T18:30:00.000Z"
}
{
  "timestamp": "2024-05-20T12:41:04.318Z",
  "startDate": "2023-06-04T18:30:00.000Z",
  "endDate": "2022-05-22T18:30:00.000Z"
}
{
  "timestamp": "2024-05-20T12:41:05.132Z",
  "startDate": "2023-06-04T18:30:00.000Z",
  "endDate": "2023-06-25T18:30:00.000Z"
}
{
  "timestamp": "2024-05-20T12:41:05.136Z",
  "startDate": "2023-06-04T18:30:00.000Z",
  "endDate": "2023-06-25T18:30:00.000Z"
}
{
  "timestamp": "2024-05-20T12:41:05.141Z",
  "startDate": "2023-06-04T18:30:00.000Z",
  "endDate": "2023-06-25T18:30:00.000Z"
}
{
  "timestamp": "2024-05-20T12:41:33.924Z",
  "startDate": "2023-07-02T18:30:00.000Z",
  "endDate": "2023-06-25T18:30:00.000Z"
}
{
  "timestamp": "2024-05-20T12:41:33.951Z",
  "startDate": "2023-07-02T18:30:00.000Z",
  "endDate": "2023-06-25T18:30:00.000Z"
}
{
  "timestamp": "2024-05-20T12:41:34.026Z",
  "startDate": "2023-07-02T18:30:00.000Z",
  "endDate": "2023-06-25T18:30:00.000Z"
}
{
  "timestamp": "2024-05-20T12:41:34.595Z",
  "startDate": "2023-07-02T18:30:00.000Z",
  "endDate": "2023-07-30T18:30:00.000Z"
}
{
  "timestamp": "2024-05-20T12:41:34.600Z",
  "startDate": "2023-07-02T18:30:00.000Z",
  "endDate": "2023-07-30T18:30:00.000Z"
}
{
  "timestamp": "2024-05-20T12:41:34.602Z",
  "startDate": "2023-07-02T18:30:00.000Z",
  "endDate": "2023-07-30T18:30:00.000Z"
}
{
  "timestamp": "2024-05-20T12:41:39.240Z",
  "startDate": "2023-04-30T18:30:00.000Z",
  "endDate": "2023-07-30T18:30:00.000Z"
}
{
  "timestamp": "2024-05-20T12:41:39.249Z",
  "startDate": "2023-04-30T18:30:00.000Z",
  "endDate": "2023-07-30T18:30:00.000Z"
}
{
  "timestamp": "2024-05-20T12:41:39.252Z",
  "startDate": "2023-04-30T18:30:00.000Z",
  "endDate": "2023-07-30T18:30:00.000Z"
}
{
  "timestamp": "2024-05-20T12:41:39.858Z",
  "startDate": "2023-04-30T18:30:00.000Z",
  "endDate": "2023-05-30T18:30:00.000Z"
}
{
  "timestamp": "2024-05-20T12:41:39.903Z",
  "startDate": "2023-04-30T18:30:00.000Z",
  "endDate": "2023-05-30T18:30:00.000Z"
}
{
  "timestamp": "2024-05-20T12:41:39.907Z",
  "startDate": "2023-04-30T18:30:00.000Z",
  "endDate": "2023-05-30T18:30:00.000Z"
}
{
  "timestamp": "2024-05-20T12:41:43.492Z",
  "startDate": "2024-05-13T12:41:43.489Z",
  "endDate": "2024-05-20T12:41:43.489Z"
}
{
  "timestamp": "2024-05-20T12:41:43.499Z",
  "startDate": "2024-05-13T12:41:43.489Z",
  "endDate": "2024-05-20T12:41:43.489Z"
}
{
  "timestamp": "2024-05-20T12:41:43.502Z",
  "startDate": "2024-05-13T12:41:43.489Z",
  "endDate": "2024-05-20T12:41:43.489Z"
}
{
  "timestamp": "2024-05-20T12:41:46.772Z",
  "startDate": "2023-06-05T18:30:00.000Z",
  "endDate": "2023-05-30T18:30:00.000Z"
}
{
  "timestamp": "2024-05-20T12:41:46.784Z",
  "startDate": "2023-06-05T18:30:00.000Z",
  "endDate": "2023-05-30T18:30:00.000Z"
}
{
  "timestamp": "2024-05-20T12:41:46.804Z",
  "startDate": "2023-06-05T18:30:00.000Z",
  "endDate": "2023-05-30T18:30:00.000Z"
}
{
  "timestamp": "2024-05-20T12:41:47.441Z",
  "startDate": "2023-06-05T18:30:00.000Z",
  "endDate": "2023-06-19T18:30:00.000Z"
}
{
  "timestamp": "2024-05-20T12:41:47.450Z",
  "startDate": "2023-06-05T18:30:00.000Z",
  "endDate": "2023-06-19T18:30:00.000Z"
}
{
  "timestamp": "2024-05-20T12:41:47.454Z",
  "startDate": "2023-06-05T18:30:00.000Z",
  "endDate": "2023-06-19T18:30:00.000Z"
}
{
  "timestamp": "2024-05-20T12:42:02.739Z",
  "startDate": "2023-06-05T18:30:00.000Z",
  "endDate": "2023-06-19T18:30:00.000Z"
}
{
  "timestamp": "2024-05-20T12:42:06.570Z",
  "startDate": "2023-06-05T18:30:00.000Z",
  "endDate": "2023-06-13T18:30:00.000Z"
}
{
  "timestamp": "2024-05-20T12:42:08.748Z",
  "startDate": "2023-06-04T18:30:00.000Z",
  "endDate": "2023-06-13T18:30:00.000Z"
}
{
  "timestamp": "2024-05-20T12:42:09.506Z",
  "startDate": "2023-06-04T18:30:00.000Z",
  "endDate": "2023-06-15T18:30:00.000Z"
}
{
  "timestamp": "2024-05-20T12:45:03.089Z",
  "startDate": "2023-05-07T18:30:00.000Z",
  "endDate": "2023-05-17T18:30:00.000Z"
}
{
  "timestamp": "2024-05-20T12:45:49.698Z",
  "startDate": "2023-05-09T18:30:00.000Z",
  "endDate": "2023-05-17T18:30:00.000Z"
}
{
  "timestamp": "2024-05-20T12:45:50.369Z",
  "startDate": "2023-05-09T18:30:00.000Z",
  "endDate": "2023-05-16T18:30:00.000Z"
}
{
  "timestamp": "2024-05-20T12:45:55.666Z",
  "startDate": "2023-06-06T18:30:00.000Z",
  "endDate": "2023-05-16T18:30:00.000Z"
}
{
  "timestamp": "2024-05-20T12:45:56.482Z",
  "startDate": "2023-06-06T18:30:00.000Z",
  "endDate": "2023-06-20T18:30:00.000Z"
}
{
  "timestamp": "2024-05-20T12:45:59.165Z",
  "startDate": "2023-07-04T18:30:00.000Z",
  "endDate": "2023-06-20T18:30:00.000Z"
}
{
  "timestamp": "2024-05-20T12:45:59.942Z",
  "startDate": "2023-07-04T18:30:00.000Z",
  "endDate": "2023-07-18T18:30:00.000Z"
}
{
  "timestamp": "2024-05-20T12:46:09.467Z",
  "startDate": "2023-07-04T18:30:00.000Z",
  "endDate": "2023-07-05T18:30:00.000Z"
}
{
  "timestamp": "2024-05-20T12:46:12.242Z",
  "startDate": "2023-07-01T18:30:00.000Z",
  "endDate": "2023-07-05T18:30:00.000Z"
}
{
  "timestamp": "2024-05-20T12:46:14.648Z",
  "startDate": "2023-07-01T18:30:00.000Z",
  "endDate": "2023-07-07T18:30:00.000Z"
}
{
  "timestamp": "2024-05-20T12:47:57.311Z",
  "startDate": "2024-05-07T18:30:00.000Z",
  "endDate": "2024-05-14T18:30:00.000Z"
}
{
  "timestamp": "2024-05-20T12:48:01.962Z",
  "startDate": "2023-07-09T18:30:00.000Z",
  "endDate": "2024-05-14T18:30:00.000Z"
}
{
  "timestamp": "2024-05-20T12:48:02.714Z",
  "startDate": "2023-07-09T18:30:00.000Z",
  "endDate": "2023-07-12T18:30:00.000Z"
}
{
  "timestamp": "2024-05-20T12:48:08.419Z",
  "startDate": "2023-07-09T18:30:00.000Z",
  "endDate": "2023-07-12T18:30:00.000Z"
}
{
  "timestamp": "2024-05-20T13:07:44.557Z",
  "startDate": "2023-05-31T18:30:00.000Z",
  "endDate": "2023-06-21T18:30:00.000Z"
}
{
  "timestamp": "2024-05-20T15:19:06.636Z",
  "startDate": "2023-06-07T18:30:00.000Z",
  "endDate": "2023-06-21T18:30:00.000Z"
}
{
  "timestamp": "2024-05-29T10:24:57.139Z",
  "startDate": "2024-05-22T10:24:57.117Z",
  "endDate": "2024-05-29T10:24:57.117Z"
}
{
  "timestamp": "2024-05-29T10:25:17.636Z",
  "startDate": "2024-05-29T18:30:00.000Z",
  "endDate": "2024-05-30T18:30:00.000Z"
}
{
  "timestamp": "2024-05-29T10:25:20.139Z",
  "startDate": "2024-05-27T18:30:00.000Z",
  "endDate": "2024-05-30T18:30:00.000Z"
}
{
  "timestamp": "2024-05-29T10:25:20.504Z",
  "startDate": "2024-05-27T18:30:00.000Z",
  "endDate": "2024-05-28T18:30:00.000Z"
}
{
  "timestamp": "2024-06-01T06:42:20.334Z",
  "startDate": "2024-05-27T18:30:00.000Z",
  "endDate": "2024-05-28T18:30:00.000Z"
}
{
  "timestamp": "2024-06-01T06:42:30.846Z",
  "startDate": "2024-05-19T18:30:00.000Z",
  "endDate": "2024-05-28T18:30:00.000Z"
}
{
  "timestamp": "2024-06-01T06:42:31.934Z",
  "startDate": "2024-05-19T18:30:00.000Z",
  "endDate": "2024-05-27T18:30:00.000Z"
}
{
  "timestamp": "2024-06-01T06:42:34.266Z",
  "startDate": "2024-05-26T18:30:00.000Z",
  "endDate": "2024-05-27T18:30:00.000Z"
}
{
  "timestamp": "2024-06-01T06:42:34.860Z",
  "startDate": "2024-05-26T18:30:00.000Z",
  "endDate": "2024-05-28T18:30:00.000Z"
}
{
  "timestamp": "2024-06-01T06:43:50.565Z",
  "startDate": "2024-05-25T06:43:50.546Z",
  "endDate": "2024-06-01T06:43:50.546Z"
}
{
  "timestamp": "2024-06-01T06:43:53.893Z",
  "startDate": "2024-05-25T06:43:53.885Z",
  "endDate": "2024-06-01T06:43:53.885Z"
}
{
  "timestamp": "2024-06-01T06:43:58.747Z",
  "startDate": "2024-06-25T18:30:00.000Z",
  "endDate": "2024-06-26T18:30:00.000Z"
}
{
  "timestamp": "2024-06-01T06:44:00.942Z",
  "startDate": "2024-06-27T18:30:00.000Z",
  "endDate": "2024-06-26T18:30:00.000Z"
}
{
  "timestamp": "2024-06-01T06:44:01.483Z",
  "startDate": "2024-06-27T18:30:00.000Z",
  "endDate": "2024-06-28T18:30:00.000Z"
}
{
  "timestamp": "2024-06-01T06:44:04.804Z",
  "startDate": "2024-05-28T18:30:00.000Z",
  "endDate": "2024-06-28T18:30:00.000Z"
}
{
  "timestamp": "2024-06-01T06:44:05.547Z",
  "startDate": "2024-05-28T18:30:00.000Z",
  "endDate": "2024-05-29T18:30:00.000Z"
}
{
  "timestamp": "2024-06-01T06:44:08.802Z",
  "startDate": "2024-05-27T18:30:00.000Z",
  "endDate": "2024-05-29T18:30:00.000Z"
}
{
  "timestamp": "2024-06-01T06:44:09.282Z",
  "startDate": "2024-05-27T18:30:00.000Z",
  "endDate": "2024-05-28T18:30:00.000Z"
}
{
  "timestamp": "2024-06-01T07:40:42.088Z",
  "startDate": "2024-06-24T18:30:00.000Z",
  "endDate": "2024-06-27T18:30:00.000Z"
}
{
  "timestamp": "2024-06-01T07:40:44.435Z",
  "startDate": "2024-06-26T18:30:00.000Z",
  "endDate": "2024-06-27T18:30:00.000Z"
}
{
  "timestamp": "2024-06-01T07:40:44.963Z",
  "startDate": "2024-06-26T18:30:00.000Z",
  "endDate": "2024-06-27T18:30:00.000Z"
}
{
  "timestamp": "2024-06-01T07:40:49.390Z",
  "startDate": "2024-05-28T18:30:00.000Z",
  "endDate": "2024-06-27T18:30:00.000Z"
}
{
  "timestamp": "2024-06-01T07:40:50.707Z",
  "startDate": "2024-05-28T18:30:00.000Z",
  "endDate": "2024-05-29T18:30:00.000Z"
}
{
  "timestamp": "2024-06-01T07:40:52.725Z",
  "startDate": "2024-05-27T18:30:00.000Z",
  "endDate": "2024-05-29T18:30:00.000Z"
}
{
  "timestamp": "2024-06-01T07:40:53.137Z",
  "startDate": "2024-05-27T18:30:00.000Z",
  "endDate": "2024-05-28T18:30:00.000Z"
}
{
  "timestamp": "2024-06-01T07:44:20.717Z",
  "startDate": "2024-05-27T18:30:00.000Z",
  "endDate": "2024-05-28T18:30:00.000Z"
}
{
  "timestamp": "2024-06-01T08:12:18.707Z",
  "startDate": "2024-05-28T18:30:00.000Z",
  "endDate": "2024-05-29T18:30:00.000Z"
}
{
  "timestamp": "2024-06-01T08:12:18.711Z",
  "startDate": "2024-05-28T18:30:00.000Z",
  "endDate": "2024-05-29T18:30:00.000Z"
}
{
  "timestamp": "2024-06-01T08:12:21.255Z",
  "startDate": "2024-05-27T18:30:00.000Z",
  "endDate": "2024-05-29T18:30:00.000Z"
}
{
  "timestamp": "2024-06-01T08:12:21.391Z",
  "startDate": "2024-05-27T18:30:00.000Z",
  "endDate": "2024-05-29T18:30:00.000Z"
}
{
  "timestamp": "2024-06-01T08:12:21.560Z",
  "startDate": "2024-05-27T18:30:00.000Z",
  "endDate": "2024-05-28T18:30:00.000Z"
}
{
  "timestamp": "2024-06-01T08:12:21.677Z",
  "startDate": "2024-05-27T18:30:00.000Z",
  "endDate": "2024-05-28T18:30:00.000Z"
}
{
  "timestamp": "2024-06-01T08:12:28.582Z",
  "startDate": "2024-05-26T18:30:00.000Z",
  "endDate": "2024-05-28T18:30:00.000Z"
}
{
  "timestamp": "2024-06-01T08:12:28.785Z",
  "startDate": "2024-05-26T18:30:00.000Z",
  "endDate": "2024-05-28T18:30:00.000Z"
}
{
  "timestamp": "2024-06-01T08:12:29.035Z",
  "startDate": "2024-05-26T18:30:00.000Z",
  "endDate": "2024-05-27T18:30:00.000Z"
}
{
  "timestamp": "2024-06-01T08:12:29.047Z",
  "startDate": "2024-05-26T18:30:00.000Z",
  "endDate": "2024-05-27T18:30:00.000Z"
}
{
  "timestamp": "2024-06-01T08:12:31.291Z",
  "startDate": "2024-05-27T18:30:00.000Z",
  "endDate": "2024-05-27T18:30:00.000Z"
}
{
  "timestamp": "2024-06-01T08:12:31.307Z",
  "startDate": "2024-05-27T18:30:00.000Z",
  "endDate": "2024-05-27T18:30:00.000Z"
}
{
  "timestamp": "2024-06-01T08:12:31.632Z",
  "startDate": "2024-05-27T18:30:00.000Z",
  "endDate": "2024-05-28T18:30:00.000Z"
}
{
  "timestamp": "2024-06-01T08:12:31.758Z",
  "startDate": "2024-05-27T18:30:00.000Z",
  "endDate": "2024-05-28T18:30:00.000Z"
}
{
  "timestamp": "2024-06-01T08:12:50.432Z",
  "startDate": "2024-05-27T18:30:00.000Z",
  "endDate": "2024-05-28T18:30:00.000Z"
}
{
  "timestamp": "2024-06-01T08:13:09.572Z",
  "startDate": "2024-05-27T18:30:00.000Z",
  "endDate": "2024-05-28T18:30:00.000Z"
}
{
  "timestamp": "2024-06-01T08:13:56.757Z",
  "startDate": "2024-05-27T18:30:00.000Z",
  "endDate": "2024-05-28T18:30:00.000Z"
}
{
  "timestamp": "2024-06-03T11:23:29.686Z",
  "startDate": "2024-05-28T00:00:00",
  "endDate": "2024-05-30T00:00:00"
}
{
  "timestamp": "2024-06-03T12:45:29.969Z",
  "startDate": "2024-05-28T18:30:00.000Z",
  "endDate": "2024-05-29T18:30:00.000Z"
}
{
  "timestamp": "2024-06-03T12:45:29.973Z",
  "startDate": "2024-05-28T18:30:00.000Z",
  "endDate": "2024-05-29T18:30:00.000Z"
}
{
  "timestamp": "2024-06-03T12:45:32.156Z",
  "startDate": "2024-05-27T18:30:00.000Z",
  "endDate": "2024-05-29T18:30:00.000Z"
}
{
  "timestamp": "2024-06-03T12:45:32.275Z",
  "startDate": "2024-05-27T18:30:00.000Z",
  "endDate": "2024-05-29T18:30:00.000Z"
}
{
  "timestamp": "2024-06-03T12:45:32.594Z",
  "startDate": "2024-05-27T18:30:00.000Z",
  "endDate": "2024-05-28T18:30:00.000Z"
}
{
  "timestamp": "2024-06-03T12:45:32.710Z",
  "startDate": "2024-05-27T18:30:00.000Z",
  "endDate": "2024-05-28T18:30:00.000Z"
}
{
  "timestamp": "2024-06-03T12:45:37.520Z",
  "startDate": "2024-05-29T18:30:00.000Z",
  "endDate": "2024-05-28T18:30:00.000Z"
}
{
  "timestamp": "2024-06-03T12:45:37.532Z",
  "startDate": "2024-05-29T18:30:00.000Z",
  "endDate": "2024-05-28T18:30:00.000Z"
}
{
  "timestamp": "2024-06-03T12:45:39.897Z",
  "startDate": "2024-05-27T18:30:00.000Z",
  "endDate": "2024-05-29T18:30:00.000Z"
}
{
  "timestamp": "2024-06-03T12:45:40.015Z",
  "startDate": "2024-05-27T18:30:00.000Z",
  "endDate": "2024-05-29T18:30:00.000Z"
}
{
  "timestamp": "2024-06-03T12:45:43.150Z",
  "startDate": "2024-05-25T18:30:00.000Z",
  "endDate": "2024-05-29T18:30:00.000Z"
}
{
  "timestamp": "2024-06-03T12:45:43.257Z",
  "startDate": "2024-05-25T18:30:00.000Z",
  "endDate": "2024-05-29T18:30:00.000Z"
}
{
  "timestamp": "2024-06-03T12:45:43.636Z",
  "startDate": "2024-05-25T18:30:00.000Z",
  "endDate": "2024-05-29T18:30:00.000Z"
}
{
  "timestamp": "2024-06-03T12:45:43.750Z",
  "startDate": "2024-05-25T18:30:00.000Z",
  "endDate": "2024-05-29T18:30:00.000Z"
}
{
  "timestamp": "2024-06-03T12:45:59.524Z",
  "startDate": "2024-05-27T18:30:00.000Z",
  "endDate": "2024-05-29T18:30:00.000Z"
}
{
  "timestamp": "2024-06-03T12:49:49.998Z",
  "startDate": "2024-06-27T18:30:00.000Z",
  "endDate": "2024-06-28T18:30:00.000Z"
}
{
  "timestamp": "2024-06-03T12:49:50.009Z",
  "startDate": "2024-06-27T18:30:00.000Z",
  "endDate": "2024-06-28T18:30:00.000Z"
}
{
  "timestamp": "2024-06-03T12:50:00.071Z",
  "startDate": "2024-05-31T18:30:00.000Z",
  "endDate": "2024-06-28T18:30:00.000Z"
}
{
  "timestamp": "2024-06-03T12:50:00.089Z",
  "startDate": "2024-05-31T18:30:00.000Z",
  "endDate": "2024-06-28T18:30:00.000Z"
}
{
  "timestamp": "2024-06-03T12:50:00.996Z",
  "startDate": "2024-05-31T18:30:00.000Z",
  "endDate": "2024-06-03T18:30:00.000Z"
}
{
  "timestamp": "2024-06-03T12:50:01.003Z",
  "startDate": "2024-05-31T18:30:00.000Z",
  "endDate": "2024-06-03T18:30:00.000Z"
}
{
  "timestamp": "2024-06-05T11:13:02.332Z",
  "startDate": "2024-05-27T18:30:00.000Z",
  "endDate": "2024-05-28T18:30:00.000Z"
}
{
  "timestamp": "2024-06-05T11:13:08.228Z",
  "startDate": "2024-05-27T18:30:00.000Z",
  "endDate": "2024-05-29T18:30:00.000Z"
}
{
  "timestamp": "2024-06-05T11:13:11.657Z",
  "startDate": "2024-05-30T18:30:00.000Z",
  "endDate": "2024-05-29T18:30:00.000Z"
}
{
  "timestamp": "2024-06-05T11:13:13.350Z",
  "startDate": "2024-05-25T18:30:00.000Z",
  "endDate": "2024-05-30T18:30:00.000Z"
}
